<?xml version="1.0" encoding="UTF-8"?>
<testng-results ignored="0" total="3" passed="3" failed="0" skipped="0">
  <reporter-output>
  </reporter-output>
  <suite started-at="2022-05-06T07:09:11Z" name="Default suite" finished-at="2022-05-06T07:09:13Z" duration-ms="2550">
    <groups>
    </groups>
    <test started-at="2022-05-06T07:09:11Z" name="Default test" finished-at="2022-05-06T07:09:13Z" duration-ms="2550">
      <class name="com.testCases.DataProvider01">
        <test-method signature="test(java.lang.String, java.lang.String)[pri:0, instance:com.testCases.DataProvider01@1a4927d6]" started-at="2022-05-06T07:09:11Z" name="test" data-provider="login" finished-at="2022-05-06T07:09:12Z" duration-ms="1566" status="PASS">
          <params>
            <param index="0">
              <value>
                <![CDATA[charles.morris@reqres.in]]>
              </value>
            </param>
            <param index="1">
              <value>
                <![CDATA[chlkhy]]>
              </value>
            </param>
          </params>
          <reporter-output>
          </reporter-output>
        </test-method> <!-- test -->
        <test-method signature="test(java.lang.String, java.lang.String)[pri:0, instance:com.testCases.DataProvider01@1a4927d6]" started-at="2022-05-06T07:09:12Z" name="test" data-provider="login" finished-at="2022-05-06T07:09:13Z" duration-ms="485" status="PASS">
          <params>
            <param index="0">
              <value>
                <![CDATA[charles.morris@reqres.in]]>
              </value>
            </param>
            <param index="1">
              <value>
                <![CDATA[parismn]]>
              </value>
            </param>
          </params>
          <reporter-output>
          </reporter-output>
        </test-method> <!-- test -->
        <test-method signature="test(java.lang.String, java.lang.String)[pri:0, instance:com.testCases.DataProvider01@1a4927d6]" started-at="2022-05-06T07:09:13Z" name="test" data-provider="login" finished-at="2022-05-06T07:09:13Z" duration-ms="476" status="PASS">
          <params>
            <param index="0">
              <value>
                <![CDATA[charles.morris@reqres.in]]>
              </value>
            </param>
            <param index="1">
              <value>
                <![CDATA[mhnjiklh]]>
              </value>
            </param>
          </params>
          <reporter-output>
          </reporter-output>
        </test-method> <!-- test -->
      </class> <!-- com.testCases.DataProvider01 -->
    </test> <!-- Default test -->
  </suite> <!-- Default suite -->
</testng-results>
