<?xml version="1.0" encoding="UTF-8"?>
<!-- Generated by org.testng.reporters.JUnitXMLReporter -->
<testsuite ignored="0" hostname="HYDPCM539478L" failures="0" tests="3" name="Default test" time="2.55" errors="0" timestamp="06 May 2022 07:09:13 GMT">
  <testcase classname="com.testCases.DataProvider01" name="test" time="1.566"/>
  <testcase classname="com.testCases.DataProvider01" name="test" time="0.485"/>
  <testcase classname="com.testCases.DataProvider01" name="test" time="0.476"/>
</testsuite> <!-- Default test -->
